ARM GAS  /var/folders/lw/g5htl3957y1bgqbynygtswj40000gn/T//ccDwgtWn.s 			page 1


   1              		.cpu cortex-m0
   2              		.eabi_attribute 20, 1
   3              		.eabi_attribute 21, 1
   4              		.eabi_attribute 23, 3
   5              		.eabi_attribute 24, 1
   6              		.eabi_attribute 25, 1
   7              		.eabi_attribute 26, 1
   8              		.eabi_attribute 30, 1
   9              		.eabi_attribute 34, 0
  10              		.eabi_attribute 18, 4
  11              		.file	"main.c"
  12              		.text
  13              	.Ltext0:
  14              		.cfi_sections	.debug_frame
  15              		.section	.text.HAL_TIM_PWM_PulseFinishedCallback,"ax",%progbits
  16              		.align	1
  17              		.global	HAL_TIM_PWM_PulseFinishedCallback
  18              		.arch armv6s-m
  19              		.syntax unified
  20              		.code	16
  21              		.thumb_func
  22              		.fpu softvfp
  24              	HAL_TIM_PWM_PulseFinishedCallback:
  25              	.LVL0:
  26              	.LFB43:
  27              		.file 1 "Core/Src/main.c"
   1:Core/Src/main.c **** /* USER CODE BEGIN Header */
   2:Core/Src/main.c **** /**
   3:Core/Src/main.c ****   ******************************************************************************
   4:Core/Src/main.c ****   * @file           : main.c
   5:Core/Src/main.c ****   * @brief          : Main program body
   6:Core/Src/main.c ****   ******************************************************************************
   7:Core/Src/main.c ****   * @attention
   8:Core/Src/main.c ****   *
   9:Core/Src/main.c ****   * <h2><center>&copy; Copyright (c) 2021 STMicroelectronics.
  10:Core/Src/main.c ****   * All rights reserved.</center></h2>
  11:Core/Src/main.c ****   *
  12:Core/Src/main.c ****   * This software component is licensed by ST under Ultimate Liberty license
  13:Core/Src/main.c ****   * SLA0044, the "License"; You may not use this file except in compliance with
  14:Core/Src/main.c ****   * the License. You may obtain a copy of the License at:
  15:Core/Src/main.c ****   *                             www.st.com/SLA0044
  16:Core/Src/main.c ****   *
  17:Core/Src/main.c ****   ******************************************************************************
  18:Core/Src/main.c ****   */
  19:Core/Src/main.c **** /* USER CODE END Header */
  20:Core/Src/main.c **** /* Includes ------------------------------------------------------------------*/
  21:Core/Src/main.c **** #include "main.h"
  22:Core/Src/main.c **** #include "i2c.h"
  23:Core/Src/main.c **** #include "spi.h"
  24:Core/Src/main.c **** #include "tim.h"
  25:Core/Src/main.c **** #include "usb_device.h"
  26:Core/Src/main.c **** #include "gpio.h"
  27:Core/Src/main.c **** 
  28:Core/Src/main.c **** /* Private includes ----------------------------------------------------------*/
  29:Core/Src/main.c **** /* USER CODE BEGIN Includes */
  30:Core/Src/main.c **** 
  31:Core/Src/main.c **** #include "usbd_cdc_if.h"
ARM GAS  /var/folders/lw/g5htl3957y1bgqbynygtswj40000gn/T//ccDwgtWn.s 			page 2


  32:Core/Src/main.c **** #include "ioctl.h"
  33:Core/Src/main.c **** 
  34:Core/Src/main.c **** /* USER CODE END Includes */
  35:Core/Src/main.c **** 
  36:Core/Src/main.c **** /* Private typedef -----------------------------------------------------------*/
  37:Core/Src/main.c **** /* USER CODE BEGIN PTD */
  38:Core/Src/main.c **** 
  39:Core/Src/main.c **** /* USER CODE END PTD */
  40:Core/Src/main.c **** 
  41:Core/Src/main.c **** /* Private define ------------------------------------------------------------*/
  42:Core/Src/main.c **** /* USER CODE BEGIN PD */
  43:Core/Src/main.c **** /* USER CODE END PD */
  44:Core/Src/main.c **** 
  45:Core/Src/main.c **** /* Private macro -------------------------------------------------------------*/
  46:Core/Src/main.c **** /* USER CODE BEGIN PM */
  47:Core/Src/main.c **** 
  48:Core/Src/main.c **** /* USER CODE END PM */
  49:Core/Src/main.c **** 
  50:Core/Src/main.c **** /* Private variables ---------------------------------------------------------*/
  51:Core/Src/main.c **** 
  52:Core/Src/main.c **** /* USER CODE BEGIN PV */
  53:Core/Src/main.c **** 
  54:Core/Src/main.c **** /* USER CODE END PV */
  55:Core/Src/main.c **** 
  56:Core/Src/main.c **** /* Private function prototypes -----------------------------------------------*/
  57:Core/Src/main.c **** void SystemClock_Config(void);
  58:Core/Src/main.c **** /* USER CODE BEGIN PFP */
  59:Core/Src/main.c **** 
  60:Core/Src/main.c **** void HAL_TIM_PWM_PulseFinishedCallback(TIM_HandleTypeDef *htim) {
  28              		.loc 1 60 65 view -0
  29              		.cfi_startproc
  30              		@ args = 0, pretend = 0, frame = 0
  31              		@ frame_needed = 0, uses_anonymous_args = 0
  32              		.loc 1 60 65 is_stmt 0 view .LVU1
  33 0000 10B5     		push	{r4, lr}
  34              	.LCFI0:
  35              		.cfi_def_cfa_offset 8
  36              		.cfi_offset 4, -8
  37              		.cfi_offset 14, -4
  61:Core/Src/main.c ****   if (htim == &htim16) {
  38              		.loc 1 61 3 is_stmt 1 view .LVU2
  39              		.loc 1 61 6 is_stmt 0 view .LVU3
  40 0002 034B     		ldr	r3, .L4
  41 0004 8342     		cmp	r3, r0
  42 0006 00D0     		beq	.L3
  43              	.LVL1:
  44              	.L1:
  62:Core/Src/main.c ****     ioctl_clk_pulse_callback();
  63:Core/Src/main.c ****   }
  64:Core/Src/main.c **** }
  45              		.loc 1 64 1 view .LVU4
  46              		@ sp needed
  47 0008 10BD     		pop	{r4, pc}
  48              	.LVL2:
  49              	.L3:
  62:Core/Src/main.c ****     ioctl_clk_pulse_callback();
  50              		.loc 1 62 5 is_stmt 1 view .LVU5
ARM GAS  /var/folders/lw/g5htl3957y1bgqbynygtswj40000gn/T//ccDwgtWn.s 			page 3


  51 000a FFF7FEFF 		bl	ioctl_clk_pulse_callback
  52              	.LVL3:
  53              		.loc 1 64 1 is_stmt 0 view .LVU6
  54 000e FBE7     		b	.L1
  55              	.L5:
  56              		.align	2
  57              	.L4:
  58 0010 00000000 		.word	htim16
  59              		.cfi_endproc
  60              	.LFE43:
  62              		.section	.text.SystemClock_Config,"ax",%progbits
  63              		.align	1
  64              		.global	SystemClock_Config
  65              		.syntax unified
  66              		.code	16
  67              		.thumb_func
  68              		.fpu softvfp
  70              	SystemClock_Config:
  71              	.LFB45:
  65:Core/Src/main.c **** 
  66:Core/Src/main.c **** /* USER CODE END PFP */
  67:Core/Src/main.c **** 
  68:Core/Src/main.c **** /* Private user code ---------------------------------------------------------*/
  69:Core/Src/main.c **** /* USER CODE BEGIN 0 */
  70:Core/Src/main.c **** 
  71:Core/Src/main.c **** /* USER CODE END 0 */
  72:Core/Src/main.c **** 
  73:Core/Src/main.c **** /**
  74:Core/Src/main.c ****   * @brief  The application entry point.
  75:Core/Src/main.c ****   * @retval int
  76:Core/Src/main.c ****   */
  77:Core/Src/main.c **** int main(void)
  78:Core/Src/main.c **** {
  79:Core/Src/main.c ****   /* USER CODE BEGIN 1 */
  80:Core/Src/main.c **** 
  81:Core/Src/main.c ****   /* USER CODE END 1 */
  82:Core/Src/main.c **** 
  83:Core/Src/main.c ****   /* MCU Configuration--------------------------------------------------------*/
  84:Core/Src/main.c **** 
  85:Core/Src/main.c ****   /* Reset of all peripherals, Initializes the Flash interface and the Systick. */
  86:Core/Src/main.c ****   HAL_Init();
  87:Core/Src/main.c **** 
  88:Core/Src/main.c ****   /* USER CODE BEGIN Init */
  89:Core/Src/main.c **** 
  90:Core/Src/main.c ****   /* USER CODE END Init */
  91:Core/Src/main.c **** 
  92:Core/Src/main.c ****   /* Configure the system clock */
  93:Core/Src/main.c ****   SystemClock_Config();
  94:Core/Src/main.c **** 
  95:Core/Src/main.c ****   /* USER CODE BEGIN SysInit */
  96:Core/Src/main.c **** 
  97:Core/Src/main.c ****   /* USER CODE END SysInit */
  98:Core/Src/main.c **** 
  99:Core/Src/main.c ****   /* Initialize all configured peripherals */
 100:Core/Src/main.c ****   MX_GPIO_Init();
 101:Core/Src/main.c ****   MX_USB_DEVICE_Init();
 102:Core/Src/main.c ****   MX_I2C1_Init();
ARM GAS  /var/folders/lw/g5htl3957y1bgqbynygtswj40000gn/T//ccDwgtWn.s 			page 4


 103:Core/Src/main.c ****   MX_SPI1_Init();
 104:Core/Src/main.c ****   MX_TIM16_Init();
 105:Core/Src/main.c ****   /* USER CODE BEGIN 2 */
 106:Core/Src/main.c **** 
 107:Core/Src/main.c **** 
 108:Core/Src/main.c ****   HAL_TIM_Base_Start(&htim16);
 109:Core/Src/main.c ****   HAL_TIM_PWM_Start_IT(&htim16, TIM_CHANNEL_1);
 110:Core/Src/main.c ****   ioctl_init();
 111:Core/Src/main.c ****   static uint32_t led_debounce = 0;
 112:Core/Src/main.c **** 
 113:Core/Src/main.c ****   /* USER CODE END 2 */
 114:Core/Src/main.c **** 
 115:Core/Src/main.c ****   /* Infinite loop */
 116:Core/Src/main.c ****   /* USER CODE BEGIN WHILE */
 117:Core/Src/main.c ****   while (1)
 118:Core/Src/main.c ****   {
 119:Core/Src/main.c ****     if (ioctl_cmd_available()) {
 120:Core/Src/main.c ****       ioctl_cmd_handle();
 121:Core/Src/main.c ****     }
 122:Core/Src/main.c **** 
 123:Core/Src/main.c ****     if (HAL_GetTick() - led_debounce > 100) {
 124:Core/Src/main.c ****       HAL_GPIO_TogglePin(LED_GPIO_Port, LED_Pin);
 125:Core/Src/main.c ****       led_debounce = HAL_GetTick();
 126:Core/Src/main.c ****     }
 127:Core/Src/main.c **** 
 128:Core/Src/main.c ****     /* USER CODE END WHILE */
 129:Core/Src/main.c **** 
 130:Core/Src/main.c ****     /* USER CODE BEGIN 3 */
 131:Core/Src/main.c ****   }
 132:Core/Src/main.c ****   /* USER CODE END 3 */
 133:Core/Src/main.c **** }
 134:Core/Src/main.c **** 
 135:Core/Src/main.c **** /**
 136:Core/Src/main.c ****   * @brief System Clock Configuration
 137:Core/Src/main.c ****   * @retval None
 138:Core/Src/main.c ****   */
 139:Core/Src/main.c **** void SystemClock_Config(void)
 140:Core/Src/main.c **** {
  72              		.loc 1 140 1 is_stmt 1 view -0
  73              		.cfi_startproc
  74              		@ args = 0, pretend = 0, frame = 96
  75              		@ frame_needed = 0, uses_anonymous_args = 0
  76 0000 10B5     		push	{r4, lr}
  77              	.LCFI1:
  78              		.cfi_def_cfa_offset 8
  79              		.cfi_offset 4, -8
  80              		.cfi_offset 14, -4
  81 0002 98B0     		sub	sp, sp, #96
  82              	.LCFI2:
  83              		.cfi_def_cfa_offset 104
 141:Core/Src/main.c ****   RCC_OscInitTypeDef RCC_OscInitStruct = {0};
  84              		.loc 1 141 3 view .LVU8
  85              		.loc 1 141 22 is_stmt 0 view .LVU9
  86 0004 3022     		movs	r2, #48
  87 0006 0021     		movs	r1, #0
  88 0008 0CA8     		add	r0, sp, #48
  89 000a FFF7FEFF 		bl	memset
ARM GAS  /var/folders/lw/g5htl3957y1bgqbynygtswj40000gn/T//ccDwgtWn.s 			page 5


  90              	.LVL4:
 142:Core/Src/main.c ****   RCC_ClkInitTypeDef RCC_ClkInitStruct = {0};
  91              		.loc 1 142 3 is_stmt 1 view .LVU10
  92              		.loc 1 142 22 is_stmt 0 view .LVU11
  93 000e 1022     		movs	r2, #16
  94 0010 0021     		movs	r1, #0
  95 0012 07A8     		add	r0, sp, #28
  96 0014 FFF7FEFF 		bl	memset
  97              	.LVL5:
 143:Core/Src/main.c ****   RCC_PeriphCLKInitTypeDef PeriphClkInit = {0};
  98              		.loc 1 143 3 is_stmt 1 view .LVU12
  99              		.loc 1 143 28 is_stmt 0 view .LVU13
 100 0018 1C22     		movs	r2, #28
 101 001a 0021     		movs	r1, #0
 102 001c 6846     		mov	r0, sp
 103 001e FFF7FEFF 		bl	memset
 104              	.LVL6:
 144:Core/Src/main.c **** 
 145:Core/Src/main.c ****   /** Initializes the RCC Oscillators according to the specified parameters
 146:Core/Src/main.c ****   * in the RCC_OscInitTypeDef structure.
 147:Core/Src/main.c ****   */
 148:Core/Src/main.c ****   RCC_OscInitStruct.OscillatorType = RCC_OSCILLATORTYPE_HSI|RCC_OSCILLATORTYPE_HSI48;
 105              		.loc 1 148 3 is_stmt 1 view .LVU14
 106              		.loc 1 148 36 is_stmt 0 view .LVU15
 107 0022 2223     		movs	r3, #34
 108 0024 0B93     		str	r3, [sp, #44]
 149:Core/Src/main.c ****   RCC_OscInitStruct.HSIState = RCC_HSI_ON;
 109              		.loc 1 149 3 is_stmt 1 view .LVU16
 110              		.loc 1 149 30 is_stmt 0 view .LVU17
 111 0026 213B     		subs	r3, r3, #33
 112 0028 0E93     		str	r3, [sp, #56]
 150:Core/Src/main.c ****   RCC_OscInitStruct.HSI48State = RCC_HSI48_ON;
 113              		.loc 1 150 3 is_stmt 1 view .LVU18
 114              		.loc 1 150 32 is_stmt 0 view .LVU19
 115 002a 1393     		str	r3, [sp, #76]
 151:Core/Src/main.c ****   RCC_OscInitStruct.HSICalibrationValue = RCC_HSICALIBRATION_DEFAULT;
 116              		.loc 1 151 3 is_stmt 1 view .LVU20
 117              		.loc 1 151 41 is_stmt 0 view .LVU21
 118 002c 0F33     		adds	r3, r3, #15
 119 002e 0F93     		str	r3, [sp, #60]
 152:Core/Src/main.c ****   RCC_OscInitStruct.PLL.PLLState = RCC_PLL_NONE;
 120              		.loc 1 152 3 is_stmt 1 view .LVU22
 121              		.loc 1 152 34 is_stmt 0 view .LVU23
 122 0030 0024     		movs	r4, #0
 153:Core/Src/main.c ****   if (HAL_RCC_OscConfig(&RCC_OscInitStruct) != HAL_OK)
 123              		.loc 1 153 3 is_stmt 1 view .LVU24
 124              		.loc 1 153 7 is_stmt 0 view .LVU25
 125 0032 0BA8     		add	r0, sp, #44
 126 0034 FFF7FEFF 		bl	HAL_RCC_OscConfig
 127              	.LVL7:
 154:Core/Src/main.c ****   {
 155:Core/Src/main.c ****     Error_Handler();
 156:Core/Src/main.c ****   }
 157:Core/Src/main.c ****   /** Initializes the CPU, AHB and APB buses clocks
 158:Core/Src/main.c ****   */
 159:Core/Src/main.c ****   RCC_ClkInitStruct.ClockType = RCC_CLOCKTYPE_HCLK|RCC_CLOCKTYPE_SYSCLK
 128              		.loc 1 159 3 is_stmt 1 view .LVU26
ARM GAS  /var/folders/lw/g5htl3957y1bgqbynygtswj40000gn/T//ccDwgtWn.s 			page 6


 129              		.loc 1 159 31 is_stmt 0 view .LVU27
 130 0038 0723     		movs	r3, #7
 131 003a 0793     		str	r3, [sp, #28]
 160:Core/Src/main.c ****                               |RCC_CLOCKTYPE_PCLK1;
 161:Core/Src/main.c ****   RCC_ClkInitStruct.SYSCLKSource = RCC_SYSCLKSOURCE_HSI48;
 132              		.loc 1 161 3 is_stmt 1 view .LVU28
 133              		.loc 1 161 34 is_stmt 0 view .LVU29
 134 003c 043B     		subs	r3, r3, #4
 135 003e 0893     		str	r3, [sp, #32]
 162:Core/Src/main.c ****   RCC_ClkInitStruct.AHBCLKDivider = RCC_SYSCLK_DIV1;
 136              		.loc 1 162 3 is_stmt 1 view .LVU30
 137              		.loc 1 162 35 is_stmt 0 view .LVU31
 138 0040 0994     		str	r4, [sp, #36]
 163:Core/Src/main.c ****   RCC_ClkInitStruct.APB1CLKDivider = RCC_HCLK_DIV1;
 139              		.loc 1 163 3 is_stmt 1 view .LVU32
 140              		.loc 1 163 36 is_stmt 0 view .LVU33
 141 0042 0A94     		str	r4, [sp, #40]
 164:Core/Src/main.c **** 
 165:Core/Src/main.c ****   if (HAL_RCC_ClockConfig(&RCC_ClkInitStruct, FLASH_LATENCY_1) != HAL_OK)
 142              		.loc 1 165 3 is_stmt 1 view .LVU34
 143              		.loc 1 165 7 is_stmt 0 view .LVU35
 144 0044 0121     		movs	r1, #1
 145 0046 07A8     		add	r0, sp, #28
 146 0048 FFF7FEFF 		bl	HAL_RCC_ClockConfig
 147              	.LVL8:
 166:Core/Src/main.c ****   {
 167:Core/Src/main.c ****     Error_Handler();
 168:Core/Src/main.c ****   }
 169:Core/Src/main.c ****   PeriphClkInit.PeriphClockSelection = RCC_PERIPHCLK_USB|RCC_PERIPHCLK_I2C1;
 148              		.loc 1 169 3 is_stmt 1 view .LVU36
 149              		.loc 1 169 38 is_stmt 0 view .LVU37
 150 004c 044B     		ldr	r3, .L7
 151 004e 0093     		str	r3, [sp]
 170:Core/Src/main.c ****   PeriphClkInit.I2c1ClockSelection = RCC_I2C1CLKSOURCE_HSI;
 152              		.loc 1 170 3 is_stmt 1 view .LVU38
 153              		.loc 1 170 36 is_stmt 0 view .LVU39
 154 0050 0494     		str	r4, [sp, #16]
 171:Core/Src/main.c ****   PeriphClkInit.UsbClockSelection = RCC_USBCLKSOURCE_HSI48;
 155              		.loc 1 171 3 is_stmt 1 view .LVU40
 156              		.loc 1 171 35 is_stmt 0 view .LVU41
 157 0052 0694     		str	r4, [sp, #24]
 172:Core/Src/main.c **** 
 173:Core/Src/main.c ****   if (HAL_RCCEx_PeriphCLKConfig(&PeriphClkInit) != HAL_OK)
 158              		.loc 1 173 3 is_stmt 1 view .LVU42
 159              		.loc 1 173 7 is_stmt 0 view .LVU43
 160 0054 6846     		mov	r0, sp
 161 0056 FFF7FEFF 		bl	HAL_RCCEx_PeriphCLKConfig
 162              	.LVL9:
 174:Core/Src/main.c ****   {
 175:Core/Src/main.c ****     Error_Handler();
 176:Core/Src/main.c ****   }
 177:Core/Src/main.c **** }
 163              		.loc 1 177 1 view .LVU44
 164 005a 18B0     		add	sp, sp, #96
 165              		@ sp needed
 166 005c 10BD     		pop	{r4, pc}
 167              	.L8:
ARM GAS  /var/folders/lw/g5htl3957y1bgqbynygtswj40000gn/T//ccDwgtWn.s 			page 7


 168 005e C046     		.align	2
 169              	.L7:
 170 0060 20000200 		.word	131104
 171              		.cfi_endproc
 172              	.LFE45:
 174              		.section	.text.main,"ax",%progbits
 175              		.align	1
 176              		.global	main
 177              		.syntax unified
 178              		.code	16
 179              		.thumb_func
 180              		.fpu softvfp
 182              	main:
 183              	.LFB44:
  78:Core/Src/main.c ****   /* USER CODE BEGIN 1 */
 184              		.loc 1 78 1 is_stmt 1 view -0
 185              		.cfi_startproc
 186              		@ Volatile: function does not return.
 187              		@ args = 0, pretend = 0, frame = 0
 188              		@ frame_needed = 0, uses_anonymous_args = 0
 189 0000 10B5     		push	{r4, lr}
 190              	.LCFI3:
 191              		.cfi_def_cfa_offset 8
 192              		.cfi_offset 4, -8
 193              		.cfi_offset 14, -4
  86:Core/Src/main.c **** 
 194              		.loc 1 86 3 view .LVU46
 195 0002 FFF7FEFF 		bl	HAL_Init
 196              	.LVL10:
  93:Core/Src/main.c **** 
 197              		.loc 1 93 3 view .LVU47
 198 0006 FFF7FEFF 		bl	SystemClock_Config
 199              	.LVL11:
 100:Core/Src/main.c ****   MX_USB_DEVICE_Init();
 200              		.loc 1 100 3 view .LVU48
 201 000a FFF7FEFF 		bl	MX_GPIO_Init
 202              	.LVL12:
 101:Core/Src/main.c ****   MX_I2C1_Init();
 203              		.loc 1 101 3 view .LVU49
 204 000e FFF7FEFF 		bl	MX_USB_DEVICE_Init
 205              	.LVL13:
 102:Core/Src/main.c ****   MX_SPI1_Init();
 206              		.loc 1 102 3 view .LVU50
 207 0012 FFF7FEFF 		bl	MX_I2C1_Init
 208              	.LVL14:
 103:Core/Src/main.c ****   MX_TIM16_Init();
 209              		.loc 1 103 3 view .LVU51
 210 0016 FFF7FEFF 		bl	MX_SPI1_Init
 211              	.LVL15:
 104:Core/Src/main.c ****   /* USER CODE BEGIN 2 */
 212              		.loc 1 104 3 view .LVU52
 213 001a FFF7FEFF 		bl	MX_TIM16_Init
 214              	.LVL16:
 108:Core/Src/main.c ****   HAL_TIM_PWM_Start_IT(&htim16, TIM_CHANNEL_1);
 215              		.loc 1 108 3 view .LVU53
 216 001e 114C     		ldr	r4, .L15
 217 0020 2000     		movs	r0, r4
ARM GAS  /var/folders/lw/g5htl3957y1bgqbynygtswj40000gn/T//ccDwgtWn.s 			page 8


 218 0022 FFF7FEFF 		bl	HAL_TIM_Base_Start
 219              	.LVL17:
 109:Core/Src/main.c ****   ioctl_init();
 220              		.loc 1 109 3 view .LVU54
 221 0026 0021     		movs	r1, #0
 222 0028 2000     		movs	r0, r4
 223 002a FFF7FEFF 		bl	HAL_TIM_PWM_Start_IT
 224              	.LVL18:
 110:Core/Src/main.c ****   static uint32_t led_debounce = 0;
 225              		.loc 1 110 3 view .LVU55
 226 002e FFF7FEFF 		bl	ioctl_init
 227              	.LVL19:
 228 0032 0AE0     		b	.L11
 229              	.L13:
 120:Core/Src/main.c ****     }
 230              		.loc 1 120 7 view .LVU56
 231 0034 FFF7FEFF 		bl	ioctl_cmd_handle
 232              	.LVL20:
 233 0038 0BE0     		b	.L10
 234              	.L14:
 124:Core/Src/main.c ****       led_debounce = HAL_GetTick();
 235              		.loc 1 124 7 view .LVU57
 236 003a 0421     		movs	r1, #4
 237 003c 0A48     		ldr	r0, .L15+4
 238 003e FFF7FEFF 		bl	HAL_GPIO_TogglePin
 239              	.LVL21:
 125:Core/Src/main.c ****     }
 240              		.loc 1 125 7 view .LVU58
 125:Core/Src/main.c ****     }
 241              		.loc 1 125 22 is_stmt 0 view .LVU59
 242 0042 FFF7FEFF 		bl	HAL_GetTick
 243              	.LVL22:
 125:Core/Src/main.c ****     }
 244              		.loc 1 125 20 view .LVU60
 245 0046 094B     		ldr	r3, .L15+8
 246 0048 1860     		str	r0, [r3]
 247              	.L11:
 111:Core/Src/main.c **** 
 248              		.loc 1 111 3 is_stmt 1 view .LVU61
 117:Core/Src/main.c ****   {
 249              		.loc 1 117 3 view .LVU62
 119:Core/Src/main.c ****       ioctl_cmd_handle();
 250              		.loc 1 119 5 view .LVU63
 119:Core/Src/main.c ****       ioctl_cmd_handle();
 251              		.loc 1 119 9 is_stmt 0 view .LVU64
 252 004a FFF7FEFF 		bl	ioctl_cmd_available
 253              	.LVL23:
 119:Core/Src/main.c ****       ioctl_cmd_handle();
 254              		.loc 1 119 8 view .LVU65
 255 004e 0028     		cmp	r0, #0
 256 0050 F0D1     		bne	.L13
 257              	.L10:
 123:Core/Src/main.c ****       HAL_GPIO_TogglePin(LED_GPIO_Port, LED_Pin);
 258              		.loc 1 123 5 is_stmt 1 view .LVU66
 123:Core/Src/main.c ****       HAL_GPIO_TogglePin(LED_GPIO_Port, LED_Pin);
 259              		.loc 1 123 9 is_stmt 0 view .LVU67
 260 0052 FFF7FEFF 		bl	HAL_GetTick
ARM GAS  /var/folders/lw/g5htl3957y1bgqbynygtswj40000gn/T//ccDwgtWn.s 			page 9


 261              	.LVL24:
 123:Core/Src/main.c ****       HAL_GPIO_TogglePin(LED_GPIO_Port, LED_Pin);
 262              		.loc 1 123 23 view .LVU68
 263 0056 054B     		ldr	r3, .L15+8
 264 0058 1B68     		ldr	r3, [r3]
 265 005a C01A     		subs	r0, r0, r3
 123:Core/Src/main.c ****       HAL_GPIO_TogglePin(LED_GPIO_Port, LED_Pin);
 266              		.loc 1 123 8 view .LVU69
 267 005c 6428     		cmp	r0, #100
 268 005e F4D9     		bls	.L11
 269 0060 EBE7     		b	.L14
 270              	.L16:
 271 0062 C046     		.align	2
 272              	.L15:
 273 0064 00000000 		.word	htim16
 274 0068 00040048 		.word	1207960576
 275 006c 00000000 		.word	.LANCHOR0
 276              		.cfi_endproc
 277              	.LFE44:
 279              		.section	.text.Error_Handler,"ax",%progbits
 280              		.align	1
 281              		.global	Error_Handler
 282              		.syntax unified
 283              		.code	16
 284              		.thumb_func
 285              		.fpu softvfp
 287              	Error_Handler:
 288              	.LFB46:
 178:Core/Src/main.c **** 
 179:Core/Src/main.c **** /* USER CODE BEGIN 4 */
 180:Core/Src/main.c **** 
 181:Core/Src/main.c **** /* USER CODE END 4 */
 182:Core/Src/main.c **** 
 183:Core/Src/main.c **** /**
 184:Core/Src/main.c ****   * @brief  This function is executed in case of error occurrence.
 185:Core/Src/main.c ****   * @retval None
 186:Core/Src/main.c ****   */
 187:Core/Src/main.c **** void Error_Handler(void)
 188:Core/Src/main.c **** {
 289              		.loc 1 188 1 is_stmt 1 view -0
 290              		.cfi_startproc
 291              		@ args = 0, pretend = 0, frame = 0
 292              		@ frame_needed = 0, uses_anonymous_args = 0
 293              		@ link register save eliminated.
 189:Core/Src/main.c ****   /* USER CODE BEGIN Error_Handler_Debug */
 190:Core/Src/main.c ****   /* User can add his own implementation to report the HAL error return state */
 191:Core/Src/main.c **** 
 192:Core/Src/main.c ****   /* USER CODE END Error_Handler_Debug */
 193:Core/Src/main.c **** }
 294              		.loc 1 193 1 view .LVU71
 295              		@ sp needed
 296 0000 7047     		bx	lr
 297              		.cfi_endproc
 298              	.LFE46:
 300              		.section	.bss.led_debounce.8944,"aw",%nobits
 301              		.align	2
 302              		.set	.LANCHOR0,. + 0
ARM GAS  /var/folders/lw/g5htl3957y1bgqbynygtswj40000gn/T//ccDwgtWn.s 			page 10


 305              	led_debounce.8944:
 306 0000 00000000 		.space	4
 307              		.text
 308              	.Letext0:
 309              		.file 2 "/Users/sens/dev/toolchains/arm-gcc/arm-none-eabi/include/machine/_default_types.h"
 310              		.file 3 "/Users/sens/dev/toolchains/arm-gcc/arm-none-eabi/include/sys/_stdint.h"
 311              		.file 4 "Drivers/CMSIS/Device/ST/STM32F0xx/Include/system_stm32f0xx.h"
 312              		.file 5 "Drivers/CMSIS/Device/ST/STM32F0xx/Include/stm32f072xb.h"
 313              		.file 6 "Drivers/STM32F0xx_HAL_Driver/Inc/stm32f0xx_hal_def.h"
 314              		.file 7 "Drivers/STM32F0xx_HAL_Driver/Inc/stm32f0xx_hal_rcc.h"
 315              		.file 8 "Drivers/STM32F0xx_HAL_Driver/Inc/stm32f0xx_hal_rcc_ex.h"
 316              		.file 9 "Drivers/STM32F0xx_HAL_Driver/Inc/stm32f0xx_hal_dma.h"
 317              		.file 10 "Drivers/STM32F0xx_HAL_Driver/Inc/stm32f0xx_hal_i2c.h"
 318              		.file 11 "Drivers/STM32F0xx_HAL_Driver/Inc/stm32f0xx_hal_spi.h"
 319              		.file 12 "Drivers/STM32F0xx_HAL_Driver/Inc/stm32f0xx_hal_tim.h"
 320              		.file 13 "Drivers/STM32F0xx_HAL_Driver/Inc/stm32f0xx_hal.h"
 321              		.file 14 "Core/Inc/i2c.h"
 322              		.file 15 "Core/Inc/spi.h"
 323              		.file 16 "Core/Inc/tim.h"
 324              		.file 17 "/Users/sens/dev/toolchains/arm-gcc/lib/gcc/arm-none-eabi/9.3.1/include/stddef.h"
 325              		.file 18 "/Users/sens/dev/toolchains/arm-gcc/arm-none-eabi/include/sys/_types.h"
 326              		.file 19 "/Users/sens/dev/toolchains/arm-gcc/arm-none-eabi/include/sys/reent.h"
 327              		.file 20 "/Users/sens/dev/toolchains/arm-gcc/arm-none-eabi/include/sys/lock.h"
 328              		.file 21 "/Users/sens/dev/toolchains/arm-gcc/arm-none-eabi/include/stdlib.h"
 329              		.file 22 "Middlewares/ST/STM32_USB_Device_Library/Core/Inc/usbd_def.h"
 330              		.file 23 "Middlewares/ST/STM32_USB_Device_Library/Class/CDC/Inc/usbd_cdc.h"
 331              		.file 24 "USB_DEVICE/App/usbd_cdc_if.h"
 332              		.file 25 "/Users/sens/dev/toolchains/arm-gcc/arm-none-eabi/include/math.h"
 333              		.file 26 "Core/Inc/gpio.h"
 334              		.file 27 "USB_DEVICE/App/usb_device.h"
 335              		.file 28 "Core/Inc/ioctl.h"
 336              		.file 29 "Drivers/STM32F0xx_HAL_Driver/Inc/stm32f0xx_hal_gpio.h"
 337              		.file 30 "<built-in>"
ARM GAS  /var/folders/lw/g5htl3957y1bgqbynygtswj40000gn/T//ccDwgtWn.s 			page 11


DEFINED SYMBOLS
                            *ABS*:0000000000000000 main.c
/var/folders/lw/g5htl3957y1bgqbynygtswj40000gn/T//ccDwgtWn.s:16     .text.HAL_TIM_PWM_PulseFinishedCallback:0000000000000000 $t
/var/folders/lw/g5htl3957y1bgqbynygtswj40000gn/T//ccDwgtWn.s:24     .text.HAL_TIM_PWM_PulseFinishedCallback:0000000000000000 HAL_TIM_PWM_PulseFinishedCallback
/var/folders/lw/g5htl3957y1bgqbynygtswj40000gn/T//ccDwgtWn.s:58     .text.HAL_TIM_PWM_PulseFinishedCallback:0000000000000010 $d
/var/folders/lw/g5htl3957y1bgqbynygtswj40000gn/T//ccDwgtWn.s:63     .text.SystemClock_Config:0000000000000000 $t
/var/folders/lw/g5htl3957y1bgqbynygtswj40000gn/T//ccDwgtWn.s:70     .text.SystemClock_Config:0000000000000000 SystemClock_Config
/var/folders/lw/g5htl3957y1bgqbynygtswj40000gn/T//ccDwgtWn.s:170    .text.SystemClock_Config:0000000000000060 $d
/var/folders/lw/g5htl3957y1bgqbynygtswj40000gn/T//ccDwgtWn.s:175    .text.main:0000000000000000 $t
/var/folders/lw/g5htl3957y1bgqbynygtswj40000gn/T//ccDwgtWn.s:182    .text.main:0000000000000000 main
/var/folders/lw/g5htl3957y1bgqbynygtswj40000gn/T//ccDwgtWn.s:273    .text.main:0000000000000064 $d
/var/folders/lw/g5htl3957y1bgqbynygtswj40000gn/T//ccDwgtWn.s:280    .text.Error_Handler:0000000000000000 $t
/var/folders/lw/g5htl3957y1bgqbynygtswj40000gn/T//ccDwgtWn.s:287    .text.Error_Handler:0000000000000000 Error_Handler
/var/folders/lw/g5htl3957y1bgqbynygtswj40000gn/T//ccDwgtWn.s:301    .bss.led_debounce.8944:0000000000000000 $d
/var/folders/lw/g5htl3957y1bgqbynygtswj40000gn/T//ccDwgtWn.s:305    .bss.led_debounce.8944:0000000000000000 led_debounce.8944

UNDEFINED SYMBOLS
ioctl_clk_pulse_callback
htim16
memset
HAL_RCC_OscConfig
HAL_RCC_ClockConfig
HAL_RCCEx_PeriphCLKConfig
HAL_Init
MX_GPIO_Init
MX_USB_DEVICE_Init
MX_I2C1_Init
MX_SPI1_Init
MX_TIM16_Init
HAL_TIM_Base_Start
HAL_TIM_PWM_Start_IT
ioctl_init
ioctl_cmd_handle
HAL_GPIO_TogglePin
HAL_GetTick
ioctl_cmd_available
