ARM GAS  /var/folders/lw/g5htl3957y1bgqbynygtswj40000gn/T//ccaRJ88M.s 			page 1


   1              		.cpu cortex-m0
   2              		.eabi_attribute 20, 1
   3              		.eabi_attribute 21, 1
   4              		.eabi_attribute 23, 3
   5              		.eabi_attribute 24, 1
   6              		.eabi_attribute 25, 1
   7              		.eabi_attribute 26, 1
   8              		.eabi_attribute 30, 1
   9              		.eabi_attribute 34, 0
  10              		.eabi_attribute 18, 4
  11              		.file	"usbd_cdc_if.c"
  12              		.text
  13              	.Ltext0:
  14              		.cfi_sections	.debug_frame
  15              		.section	.text.CDC_DeInit_FS,"ax",%progbits
  16              		.align	1
  17              		.arch armv6s-m
  18              		.syntax unified
  19              		.code	16
  20              		.thumb_func
  21              		.fpu softvfp
  23              	CDC_DeInit_FS:
  24              	.LFB44:
  25              		.file 1 "USB_DEVICE/App/usbd_cdc_if.c"
   1:USB_DEVICE/App/usbd_cdc_if.c **** /* USER CODE BEGIN Header */
   2:USB_DEVICE/App/usbd_cdc_if.c **** /**
   3:USB_DEVICE/App/usbd_cdc_if.c ****   ******************************************************************************
   4:USB_DEVICE/App/usbd_cdc_if.c ****   * @file           : usbd_cdc_if.c
   5:USB_DEVICE/App/usbd_cdc_if.c ****   * @version        : v2.0_Cube
   6:USB_DEVICE/App/usbd_cdc_if.c ****   * @brief          : Usb device for Virtual Com Port.
   7:USB_DEVICE/App/usbd_cdc_if.c ****   ******************************************************************************
   8:USB_DEVICE/App/usbd_cdc_if.c ****   * @attention
   9:USB_DEVICE/App/usbd_cdc_if.c ****   *
  10:USB_DEVICE/App/usbd_cdc_if.c ****   * <h2><center>&copy; Copyright (c) 2021 STMicroelectronics.
  11:USB_DEVICE/App/usbd_cdc_if.c ****   * All rights reserved.</center></h2>
  12:USB_DEVICE/App/usbd_cdc_if.c ****   *
  13:USB_DEVICE/App/usbd_cdc_if.c ****   * This software component is licensed by ST under Ultimate Liberty license
  14:USB_DEVICE/App/usbd_cdc_if.c ****   * SLA0044, the "License"; You may not use this file except in compliance with
  15:USB_DEVICE/App/usbd_cdc_if.c ****   * the License. You may obtain a copy of the License at:
  16:USB_DEVICE/App/usbd_cdc_if.c ****   *                             www.st.com/SLA0044
  17:USB_DEVICE/App/usbd_cdc_if.c ****   *
  18:USB_DEVICE/App/usbd_cdc_if.c ****   ******************************************************************************
  19:USB_DEVICE/App/usbd_cdc_if.c ****   */
  20:USB_DEVICE/App/usbd_cdc_if.c **** /* USER CODE END Header */
  21:USB_DEVICE/App/usbd_cdc_if.c **** 
  22:USB_DEVICE/App/usbd_cdc_if.c **** /* Includes ------------------------------------------------------------------*/
  23:USB_DEVICE/App/usbd_cdc_if.c **** #include "usbd_cdc_if.h"
  24:USB_DEVICE/App/usbd_cdc_if.c **** 
  25:USB_DEVICE/App/usbd_cdc_if.c **** /* USER CODE BEGIN INCLUDE */
  26:USB_DEVICE/App/usbd_cdc_if.c **** 
  27:USB_DEVICE/App/usbd_cdc_if.c **** extern void ioctl_cdc_rx_callback(char *buf, size_t bufsz);
  28:USB_DEVICE/App/usbd_cdc_if.c **** 
  29:USB_DEVICE/App/usbd_cdc_if.c **** /* USER CODE END INCLUDE */
  30:USB_DEVICE/App/usbd_cdc_if.c **** 
  31:USB_DEVICE/App/usbd_cdc_if.c **** /* Private typedef -----------------------------------------------------------*/
  32:USB_DEVICE/App/usbd_cdc_if.c **** /* Private define ------------------------------------------------------------*/
  33:USB_DEVICE/App/usbd_cdc_if.c **** /* Private macro -------------------------------------------------------------*/
ARM GAS  /var/folders/lw/g5htl3957y1bgqbynygtswj40000gn/T//ccaRJ88M.s 			page 2


  34:USB_DEVICE/App/usbd_cdc_if.c **** 
  35:USB_DEVICE/App/usbd_cdc_if.c **** /* USER CODE BEGIN PV */
  36:USB_DEVICE/App/usbd_cdc_if.c **** /* Private variables ---------------------------------------------------------*/
  37:USB_DEVICE/App/usbd_cdc_if.c **** 
  38:USB_DEVICE/App/usbd_cdc_if.c **** /* USER CODE END PV */
  39:USB_DEVICE/App/usbd_cdc_if.c **** 
  40:USB_DEVICE/App/usbd_cdc_if.c **** /** @addtogroup STM32_USB_OTG_DEVICE_LIBRARY
  41:USB_DEVICE/App/usbd_cdc_if.c ****   * @brief Usb device library.
  42:USB_DEVICE/App/usbd_cdc_if.c ****   * @{
  43:USB_DEVICE/App/usbd_cdc_if.c ****   */
  44:USB_DEVICE/App/usbd_cdc_if.c **** 
  45:USB_DEVICE/App/usbd_cdc_if.c **** /** @addtogroup USBD_CDC_IF
  46:USB_DEVICE/App/usbd_cdc_if.c ****   * @{
  47:USB_DEVICE/App/usbd_cdc_if.c ****   */
  48:USB_DEVICE/App/usbd_cdc_if.c **** 
  49:USB_DEVICE/App/usbd_cdc_if.c **** /** @defgroup USBD_CDC_IF_Private_TypesDefinitions USBD_CDC_IF_Private_TypesDefinitions
  50:USB_DEVICE/App/usbd_cdc_if.c ****   * @brief Private types.
  51:USB_DEVICE/App/usbd_cdc_if.c ****   * @{
  52:USB_DEVICE/App/usbd_cdc_if.c ****   */
  53:USB_DEVICE/App/usbd_cdc_if.c **** 
  54:USB_DEVICE/App/usbd_cdc_if.c **** /* USER CODE BEGIN PRIVATE_TYPES */
  55:USB_DEVICE/App/usbd_cdc_if.c **** 
  56:USB_DEVICE/App/usbd_cdc_if.c **** /* USER CODE END PRIVATE_TYPES */
  57:USB_DEVICE/App/usbd_cdc_if.c **** 
  58:USB_DEVICE/App/usbd_cdc_if.c **** /**
  59:USB_DEVICE/App/usbd_cdc_if.c ****   * @}
  60:USB_DEVICE/App/usbd_cdc_if.c ****   */
  61:USB_DEVICE/App/usbd_cdc_if.c **** 
  62:USB_DEVICE/App/usbd_cdc_if.c **** /** @defgroup USBD_CDC_IF_Private_Defines USBD_CDC_IF_Private_Defines
  63:USB_DEVICE/App/usbd_cdc_if.c ****   * @brief Private defines.
  64:USB_DEVICE/App/usbd_cdc_if.c ****   * @{
  65:USB_DEVICE/App/usbd_cdc_if.c ****   */
  66:USB_DEVICE/App/usbd_cdc_if.c **** 
  67:USB_DEVICE/App/usbd_cdc_if.c **** /* USER CODE BEGIN PRIVATE_DEFINES */
  68:USB_DEVICE/App/usbd_cdc_if.c **** /* USER CODE END PRIVATE_DEFINES */
  69:USB_DEVICE/App/usbd_cdc_if.c **** 
  70:USB_DEVICE/App/usbd_cdc_if.c **** /**
  71:USB_DEVICE/App/usbd_cdc_if.c ****   * @}
  72:USB_DEVICE/App/usbd_cdc_if.c ****   */
  73:USB_DEVICE/App/usbd_cdc_if.c **** 
  74:USB_DEVICE/App/usbd_cdc_if.c **** /** @defgroup USBD_CDC_IF_Private_Macros USBD_CDC_IF_Private_Macros
  75:USB_DEVICE/App/usbd_cdc_if.c ****   * @brief Private macros.
  76:USB_DEVICE/App/usbd_cdc_if.c ****   * @{
  77:USB_DEVICE/App/usbd_cdc_if.c ****   */
  78:USB_DEVICE/App/usbd_cdc_if.c **** 
  79:USB_DEVICE/App/usbd_cdc_if.c **** /* USER CODE BEGIN PRIVATE_MACRO */
  80:USB_DEVICE/App/usbd_cdc_if.c **** 
  81:USB_DEVICE/App/usbd_cdc_if.c **** /* USER CODE END PRIVATE_MACRO */
  82:USB_DEVICE/App/usbd_cdc_if.c **** 
  83:USB_DEVICE/App/usbd_cdc_if.c **** /**
  84:USB_DEVICE/App/usbd_cdc_if.c ****   * @}
  85:USB_DEVICE/App/usbd_cdc_if.c ****   */
  86:USB_DEVICE/App/usbd_cdc_if.c **** 
  87:USB_DEVICE/App/usbd_cdc_if.c **** /** @defgroup USBD_CDC_IF_Private_Variables USBD_CDC_IF_Private_Variables
  88:USB_DEVICE/App/usbd_cdc_if.c ****   * @brief Private variables.
  89:USB_DEVICE/App/usbd_cdc_if.c ****   * @{
  90:USB_DEVICE/App/usbd_cdc_if.c ****   */
ARM GAS  /var/folders/lw/g5htl3957y1bgqbynygtswj40000gn/T//ccaRJ88M.s 			page 3


  91:USB_DEVICE/App/usbd_cdc_if.c **** /* Create buffer for reception and transmission           */
  92:USB_DEVICE/App/usbd_cdc_if.c **** /* It's up to user to redefine and/or remove those define */
  93:USB_DEVICE/App/usbd_cdc_if.c **** /** Received data over USB are stored in this buffer      */
  94:USB_DEVICE/App/usbd_cdc_if.c **** uint8_t UserRxBufferFS[APP_RX_DATA_SIZE];
  95:USB_DEVICE/App/usbd_cdc_if.c **** 
  96:USB_DEVICE/App/usbd_cdc_if.c **** /** Data to send over USB CDC are stored in this buffer   */
  97:USB_DEVICE/App/usbd_cdc_if.c **** uint8_t UserTxBufferFS[APP_TX_DATA_SIZE];
  98:USB_DEVICE/App/usbd_cdc_if.c **** 
  99:USB_DEVICE/App/usbd_cdc_if.c **** /* USER CODE BEGIN PRIVATE_VARIABLES */
 100:USB_DEVICE/App/usbd_cdc_if.c **** 
 101:USB_DEVICE/App/usbd_cdc_if.c **** /* USER CODE END PRIVATE_VARIABLES */
 102:USB_DEVICE/App/usbd_cdc_if.c **** 
 103:USB_DEVICE/App/usbd_cdc_if.c **** /**
 104:USB_DEVICE/App/usbd_cdc_if.c ****   * @}
 105:USB_DEVICE/App/usbd_cdc_if.c ****   */
 106:USB_DEVICE/App/usbd_cdc_if.c **** 
 107:USB_DEVICE/App/usbd_cdc_if.c **** /** @defgroup USBD_CDC_IF_Exported_Variables USBD_CDC_IF_Exported_Variables
 108:USB_DEVICE/App/usbd_cdc_if.c ****   * @brief Public variables.
 109:USB_DEVICE/App/usbd_cdc_if.c ****   * @{
 110:USB_DEVICE/App/usbd_cdc_if.c ****   */
 111:USB_DEVICE/App/usbd_cdc_if.c **** 
 112:USB_DEVICE/App/usbd_cdc_if.c **** extern USBD_HandleTypeDef hUsbDeviceFS;
 113:USB_DEVICE/App/usbd_cdc_if.c **** 
 114:USB_DEVICE/App/usbd_cdc_if.c **** /* USER CODE BEGIN EXPORTED_VARIABLES */
 115:USB_DEVICE/App/usbd_cdc_if.c **** 
 116:USB_DEVICE/App/usbd_cdc_if.c **** /* USER CODE END EXPORTED_VARIABLES */
 117:USB_DEVICE/App/usbd_cdc_if.c **** 
 118:USB_DEVICE/App/usbd_cdc_if.c **** /**
 119:USB_DEVICE/App/usbd_cdc_if.c ****   * @}
 120:USB_DEVICE/App/usbd_cdc_if.c ****   */
 121:USB_DEVICE/App/usbd_cdc_if.c **** 
 122:USB_DEVICE/App/usbd_cdc_if.c **** /** @defgroup USBD_CDC_IF_Private_FunctionPrototypes USBD_CDC_IF_Private_FunctionPrototypes
 123:USB_DEVICE/App/usbd_cdc_if.c ****   * @brief Private functions declaration.
 124:USB_DEVICE/App/usbd_cdc_if.c ****   * @{
 125:USB_DEVICE/App/usbd_cdc_if.c ****   */
 126:USB_DEVICE/App/usbd_cdc_if.c **** 
 127:USB_DEVICE/App/usbd_cdc_if.c **** static int8_t CDC_Init_FS(void);
 128:USB_DEVICE/App/usbd_cdc_if.c **** static int8_t CDC_DeInit_FS(void);
 129:USB_DEVICE/App/usbd_cdc_if.c **** static int8_t CDC_Control_FS(uint8_t cmd, uint8_t* pbuf, uint16_t length);
 130:USB_DEVICE/App/usbd_cdc_if.c **** static int8_t CDC_Receive_FS(uint8_t* pbuf, uint32_t *Len);
 131:USB_DEVICE/App/usbd_cdc_if.c **** 
 132:USB_DEVICE/App/usbd_cdc_if.c **** /* USER CODE BEGIN PRIVATE_FUNCTIONS_DECLARATION */
 133:USB_DEVICE/App/usbd_cdc_if.c **** 
 134:USB_DEVICE/App/usbd_cdc_if.c **** /* USER CODE END PRIVATE_FUNCTIONS_DECLARATION */
 135:USB_DEVICE/App/usbd_cdc_if.c **** 
 136:USB_DEVICE/App/usbd_cdc_if.c **** /**
 137:USB_DEVICE/App/usbd_cdc_if.c ****   * @}
 138:USB_DEVICE/App/usbd_cdc_if.c ****   */
 139:USB_DEVICE/App/usbd_cdc_if.c **** 
 140:USB_DEVICE/App/usbd_cdc_if.c **** USBD_CDC_ItfTypeDef USBD_Interface_fops_FS =
 141:USB_DEVICE/App/usbd_cdc_if.c **** {
 142:USB_DEVICE/App/usbd_cdc_if.c ****   CDC_Init_FS,
 143:USB_DEVICE/App/usbd_cdc_if.c ****   CDC_DeInit_FS,
 144:USB_DEVICE/App/usbd_cdc_if.c ****   CDC_Control_FS,
 145:USB_DEVICE/App/usbd_cdc_if.c ****   CDC_Receive_FS
 146:USB_DEVICE/App/usbd_cdc_if.c **** };
 147:USB_DEVICE/App/usbd_cdc_if.c **** 
ARM GAS  /var/folders/lw/g5htl3957y1bgqbynygtswj40000gn/T//ccaRJ88M.s 			page 4


 148:USB_DEVICE/App/usbd_cdc_if.c **** /* Private functions ---------------------------------------------------------*/
 149:USB_DEVICE/App/usbd_cdc_if.c **** /**
 150:USB_DEVICE/App/usbd_cdc_if.c ****   * @brief  Initializes the CDC media low layer over the FS USB IP
 151:USB_DEVICE/App/usbd_cdc_if.c ****   * @retval USBD_OK if all operations are OK else USBD_FAIL
 152:USB_DEVICE/App/usbd_cdc_if.c ****   */
 153:USB_DEVICE/App/usbd_cdc_if.c **** static int8_t CDC_Init_FS(void)
 154:USB_DEVICE/App/usbd_cdc_if.c **** {
 155:USB_DEVICE/App/usbd_cdc_if.c ****   /* USER CODE BEGIN 3 */
 156:USB_DEVICE/App/usbd_cdc_if.c ****   /* Set Application Buffers */
 157:USB_DEVICE/App/usbd_cdc_if.c ****   USBD_CDC_SetTxBuffer(&hUsbDeviceFS, UserTxBufferFS, 0);
 158:USB_DEVICE/App/usbd_cdc_if.c ****   USBD_CDC_SetRxBuffer(&hUsbDeviceFS, UserRxBufferFS);
 159:USB_DEVICE/App/usbd_cdc_if.c ****   return (USBD_OK);
 160:USB_DEVICE/App/usbd_cdc_if.c ****   /* USER CODE END 3 */
 161:USB_DEVICE/App/usbd_cdc_if.c **** }
 162:USB_DEVICE/App/usbd_cdc_if.c **** 
 163:USB_DEVICE/App/usbd_cdc_if.c **** /**
 164:USB_DEVICE/App/usbd_cdc_if.c ****   * @brief  DeInitializes the CDC media low layer
 165:USB_DEVICE/App/usbd_cdc_if.c ****   * @retval USBD_OK if all operations are OK else USBD_FAIL
 166:USB_DEVICE/App/usbd_cdc_if.c ****   */
 167:USB_DEVICE/App/usbd_cdc_if.c **** static int8_t CDC_DeInit_FS(void)
 168:USB_DEVICE/App/usbd_cdc_if.c **** {
  26              		.loc 1 168 1 view -0
  27              		.cfi_startproc
  28              		@ args = 0, pretend = 0, frame = 0
  29              		@ frame_needed = 0, uses_anonymous_args = 0
  30              		@ link register save eliminated.
 169:USB_DEVICE/App/usbd_cdc_if.c ****   /* USER CODE BEGIN 4 */
 170:USB_DEVICE/App/usbd_cdc_if.c ****   return (USBD_OK);
  31              		.loc 1 170 3 view .LVU1
 171:USB_DEVICE/App/usbd_cdc_if.c ****   /* USER CODE END 4 */
 172:USB_DEVICE/App/usbd_cdc_if.c **** }
  32              		.loc 1 172 1 is_stmt 0 view .LVU2
  33 0000 0020     		movs	r0, #0
  34              		@ sp needed
  35 0002 7047     		bx	lr
  36              		.cfi_endproc
  37              	.LFE44:
  39              		.section	.text.CDC_Control_FS,"ax",%progbits
  40              		.align	1
  41              		.syntax unified
  42              		.code	16
  43              		.thumb_func
  44              		.fpu softvfp
  46              	CDC_Control_FS:
  47              	.LVL0:
  48              	.LFB45:
 173:USB_DEVICE/App/usbd_cdc_if.c **** 
 174:USB_DEVICE/App/usbd_cdc_if.c **** /**
 175:USB_DEVICE/App/usbd_cdc_if.c ****   * @brief  Manage the CDC class requests
 176:USB_DEVICE/App/usbd_cdc_if.c ****   * @param  cmd: Command code
 177:USB_DEVICE/App/usbd_cdc_if.c ****   * @param  pbuf: Buffer containing command data (request parameters)
 178:USB_DEVICE/App/usbd_cdc_if.c ****   * @param  length: Number of data to be sent (in bytes)
 179:USB_DEVICE/App/usbd_cdc_if.c ****   * @retval Result of the operation: USBD_OK if all operations are OK else USBD_FAIL
 180:USB_DEVICE/App/usbd_cdc_if.c ****   */
 181:USB_DEVICE/App/usbd_cdc_if.c **** static int8_t CDC_Control_FS(uint8_t cmd, uint8_t* pbuf, uint16_t length)
 182:USB_DEVICE/App/usbd_cdc_if.c **** {
  49              		.loc 1 182 1 is_stmt 1 view -0
ARM GAS  /var/folders/lw/g5htl3957y1bgqbynygtswj40000gn/T//ccaRJ88M.s 			page 5


  50              		.cfi_startproc
  51              		@ args = 0, pretend = 0, frame = 0
  52              		@ frame_needed = 0, uses_anonymous_args = 0
  53              		@ link register save eliminated.
 183:USB_DEVICE/App/usbd_cdc_if.c ****   /* USER CODE BEGIN 5 */
 184:USB_DEVICE/App/usbd_cdc_if.c ****   switch(cmd)
  54              		.loc 1 184 3 view .LVU4
 185:USB_DEVICE/App/usbd_cdc_if.c ****   {
 186:USB_DEVICE/App/usbd_cdc_if.c ****     case CDC_SEND_ENCAPSULATED_COMMAND:
 187:USB_DEVICE/App/usbd_cdc_if.c **** 
 188:USB_DEVICE/App/usbd_cdc_if.c ****     break;
 189:USB_DEVICE/App/usbd_cdc_if.c **** 
 190:USB_DEVICE/App/usbd_cdc_if.c ****     case CDC_GET_ENCAPSULATED_RESPONSE:
 191:USB_DEVICE/App/usbd_cdc_if.c **** 
 192:USB_DEVICE/App/usbd_cdc_if.c ****     break;
 193:USB_DEVICE/App/usbd_cdc_if.c **** 
 194:USB_DEVICE/App/usbd_cdc_if.c ****     case CDC_SET_COMM_FEATURE:
 195:USB_DEVICE/App/usbd_cdc_if.c **** 
 196:USB_DEVICE/App/usbd_cdc_if.c ****     break;
 197:USB_DEVICE/App/usbd_cdc_if.c **** 
 198:USB_DEVICE/App/usbd_cdc_if.c ****     case CDC_GET_COMM_FEATURE:
 199:USB_DEVICE/App/usbd_cdc_if.c **** 
 200:USB_DEVICE/App/usbd_cdc_if.c ****     break;
 201:USB_DEVICE/App/usbd_cdc_if.c **** 
 202:USB_DEVICE/App/usbd_cdc_if.c ****     case CDC_CLEAR_COMM_FEATURE:
 203:USB_DEVICE/App/usbd_cdc_if.c **** 
 204:USB_DEVICE/App/usbd_cdc_if.c ****     break;
 205:USB_DEVICE/App/usbd_cdc_if.c **** 
 206:USB_DEVICE/App/usbd_cdc_if.c ****   /*******************************************************************************/
 207:USB_DEVICE/App/usbd_cdc_if.c ****   /* Line Coding Structure                                                       */
 208:USB_DEVICE/App/usbd_cdc_if.c ****   /*-----------------------------------------------------------------------------*/
 209:USB_DEVICE/App/usbd_cdc_if.c ****   /* Offset | Field       | Size | Value  | Description                          */
 210:USB_DEVICE/App/usbd_cdc_if.c ****   /* 0      | dwDTERate   |   4  | Number |Data terminal rate, in bits per second*/
 211:USB_DEVICE/App/usbd_cdc_if.c ****   /* 4      | bCharFormat |   1  | Number | Stop bits                            */
 212:USB_DEVICE/App/usbd_cdc_if.c ****   /*                                        0 - 1 Stop bit                       */
 213:USB_DEVICE/App/usbd_cdc_if.c ****   /*                                        1 - 1.5 Stop bits                    */
 214:USB_DEVICE/App/usbd_cdc_if.c ****   /*                                        2 - 2 Stop bits                      */
 215:USB_DEVICE/App/usbd_cdc_if.c ****   /* 5      | bParityType |  1   | Number | Parity                               */
 216:USB_DEVICE/App/usbd_cdc_if.c ****   /*                                        0 - None                             */
 217:USB_DEVICE/App/usbd_cdc_if.c ****   /*                                        1 - Odd                              */
 218:USB_DEVICE/App/usbd_cdc_if.c ****   /*                                        2 - Even                             */
 219:USB_DEVICE/App/usbd_cdc_if.c ****   /*                                        3 - Mark                             */
 220:USB_DEVICE/App/usbd_cdc_if.c ****   /*                                        4 - Space                            */
 221:USB_DEVICE/App/usbd_cdc_if.c ****   /* 6      | bDataBits  |   1   | Number Data bits (5, 6, 7, 8 or 16).          */
 222:USB_DEVICE/App/usbd_cdc_if.c ****   /*******************************************************************************/
 223:USB_DEVICE/App/usbd_cdc_if.c ****     case CDC_SET_LINE_CODING:
 224:USB_DEVICE/App/usbd_cdc_if.c **** 
 225:USB_DEVICE/App/usbd_cdc_if.c ****     break;
 226:USB_DEVICE/App/usbd_cdc_if.c **** 
 227:USB_DEVICE/App/usbd_cdc_if.c ****     case CDC_GET_LINE_CODING:
 228:USB_DEVICE/App/usbd_cdc_if.c **** 
 229:USB_DEVICE/App/usbd_cdc_if.c ****     break;
 230:USB_DEVICE/App/usbd_cdc_if.c **** 
 231:USB_DEVICE/App/usbd_cdc_if.c ****     case CDC_SET_CONTROL_LINE_STATE:
 232:USB_DEVICE/App/usbd_cdc_if.c **** 
 233:USB_DEVICE/App/usbd_cdc_if.c ****     break;
 234:USB_DEVICE/App/usbd_cdc_if.c **** 
ARM GAS  /var/folders/lw/g5htl3957y1bgqbynygtswj40000gn/T//ccaRJ88M.s 			page 6


 235:USB_DEVICE/App/usbd_cdc_if.c ****     case CDC_SEND_BREAK:
 236:USB_DEVICE/App/usbd_cdc_if.c **** 
 237:USB_DEVICE/App/usbd_cdc_if.c ****     break;
 238:USB_DEVICE/App/usbd_cdc_if.c **** 
 239:USB_DEVICE/App/usbd_cdc_if.c ****   default:
 240:USB_DEVICE/App/usbd_cdc_if.c ****     break;
 241:USB_DEVICE/App/usbd_cdc_if.c ****   }
 242:USB_DEVICE/App/usbd_cdc_if.c **** 
 243:USB_DEVICE/App/usbd_cdc_if.c ****   return (USBD_OK);
  55              		.loc 1 243 3 view .LVU5
 244:USB_DEVICE/App/usbd_cdc_if.c ****   /* USER CODE END 5 */
 245:USB_DEVICE/App/usbd_cdc_if.c **** }
  56              		.loc 1 245 1 is_stmt 0 view .LVU6
  57 0000 0020     		movs	r0, #0
  58              	.LVL1:
  59              		.loc 1 245 1 view .LVU7
  60              		@ sp needed
  61 0002 7047     		bx	lr
  62              		.cfi_endproc
  63              	.LFE45:
  65              		.section	.text.CDC_Receive_FS,"ax",%progbits
  66              		.align	1
  67              		.syntax unified
  68              		.code	16
  69              		.thumb_func
  70              		.fpu softvfp
  72              	CDC_Receive_FS:
  73              	.LVL2:
  74              	.LFB46:
 246:USB_DEVICE/App/usbd_cdc_if.c **** 
 247:USB_DEVICE/App/usbd_cdc_if.c **** /**
 248:USB_DEVICE/App/usbd_cdc_if.c ****   * @brief  Data received over USB OUT endpoint are sent over CDC interface
 249:USB_DEVICE/App/usbd_cdc_if.c ****   *         through this function.
 250:USB_DEVICE/App/usbd_cdc_if.c ****   *
 251:USB_DEVICE/App/usbd_cdc_if.c ****   *         @note
 252:USB_DEVICE/App/usbd_cdc_if.c ****   *         This function will issue a NAK packet on any OUT packet received on
 253:USB_DEVICE/App/usbd_cdc_if.c ****   *         USB endpoint until exiting this function. If you exit this function
 254:USB_DEVICE/App/usbd_cdc_if.c ****   *         before transfer is complete on CDC interface (ie. using DMA controller)
 255:USB_DEVICE/App/usbd_cdc_if.c ****   *         it will result in receiving more data while previous ones are still
 256:USB_DEVICE/App/usbd_cdc_if.c ****   *         not sent.
 257:USB_DEVICE/App/usbd_cdc_if.c ****   *
 258:USB_DEVICE/App/usbd_cdc_if.c ****   * @param  Buf: Buffer of data to be received
 259:USB_DEVICE/App/usbd_cdc_if.c ****   * @param  Len: Number of data received (in bytes)
 260:USB_DEVICE/App/usbd_cdc_if.c ****   * @retval Result of the operation: USBD_OK if all operations are OK else USBD_FAIL
 261:USB_DEVICE/App/usbd_cdc_if.c ****   */
 262:USB_DEVICE/App/usbd_cdc_if.c **** static int8_t CDC_Receive_FS(uint8_t* Buf, uint32_t *Len)
 263:USB_DEVICE/App/usbd_cdc_if.c **** {
  75              		.loc 1 263 1 is_stmt 1 view -0
  76              		.cfi_startproc
  77              		@ args = 0, pretend = 0, frame = 0
  78              		@ frame_needed = 0, uses_anonymous_args = 0
  79              		.loc 1 263 1 is_stmt 0 view .LVU9
  80 0000 70B5     		push	{r4, r5, r6, lr}
  81              	.LCFI0:
  82              		.cfi_def_cfa_offset 16
  83              		.cfi_offset 4, -16
  84              		.cfi_offset 5, -12
ARM GAS  /var/folders/lw/g5htl3957y1bgqbynygtswj40000gn/T//ccaRJ88M.s 			page 7


  85              		.cfi_offset 6, -8
  86              		.cfi_offset 14, -4
  87 0002 0400     		movs	r4, r0
 264:USB_DEVICE/App/usbd_cdc_if.c ****   /* USER CODE BEGIN 6 */
 265:USB_DEVICE/App/usbd_cdc_if.c ****   USBD_CDC_SetRxBuffer(&hUsbDeviceFS, &Buf[0]);
  88              		.loc 1 265 3 is_stmt 1 view .LVU10
  89 0004 084D     		ldr	r5, .L4
  90 0006 0100     		movs	r1, r0
  91              	.LVL3:
  92              		.loc 1 265 3 is_stmt 0 view .LVU11
  93 0008 2800     		movs	r0, r5
  94              	.LVL4:
  95              		.loc 1 265 3 view .LVU12
  96 000a FFF7FEFF 		bl	USBD_CDC_SetRxBuffer
  97              	.LVL5:
 266:USB_DEVICE/App/usbd_cdc_if.c ****   USBD_CDC_ReceivePacket(&hUsbDeviceFS);
  98              		.loc 1 266 3 is_stmt 1 view .LVU13
  99 000e 2800     		movs	r0, r5
 100 0010 FFF7FEFF 		bl	USBD_CDC_ReceivePacket
 101              	.LVL6:
 267:USB_DEVICE/App/usbd_cdc_if.c **** 
 268:USB_DEVICE/App/usbd_cdc_if.c ****   ioctl_cdc_rx_callback((char *) Buf, strlen((char *) Buf));
 102              		.loc 1 268 3 view .LVU14
 103 0014 2000     		movs	r0, r4
 104 0016 FFF7FEFF 		bl	strlen
 105              	.LVL7:
 106 001a 0100     		movs	r1, r0
 107 001c 2000     		movs	r0, r4
 108 001e FFF7FEFF 		bl	ioctl_cdc_rx_callback
 109              	.LVL8:
 269:USB_DEVICE/App/usbd_cdc_if.c **** 
 270:USB_DEVICE/App/usbd_cdc_if.c ****   return (USBD_OK);
 110              		.loc 1 270 3 view .LVU15
 271:USB_DEVICE/App/usbd_cdc_if.c ****   /* USER CODE END 6 */
 272:USB_DEVICE/App/usbd_cdc_if.c **** }
 111              		.loc 1 272 1 is_stmt 0 view .LVU16
 112 0022 0020     		movs	r0, #0
 113              		@ sp needed
 114              	.LVL9:
 115              		.loc 1 272 1 view .LVU17
 116 0024 70BD     		pop	{r4, r5, r6, pc}
 117              	.L5:
 118 0026 C046     		.align	2
 119              	.L4:
 120 0028 00000000 		.word	hUsbDeviceFS
 121              		.cfi_endproc
 122              	.LFE46:
 124              		.section	.text.CDC_Init_FS,"ax",%progbits
 125              		.align	1
 126              		.syntax unified
 127              		.code	16
 128              		.thumb_func
 129              		.fpu softvfp
 131              	CDC_Init_FS:
 132              	.LFB43:
 154:USB_DEVICE/App/usbd_cdc_if.c ****   /* USER CODE BEGIN 3 */
 133              		.loc 1 154 1 is_stmt 1 view -0
ARM GAS  /var/folders/lw/g5htl3957y1bgqbynygtswj40000gn/T//ccaRJ88M.s 			page 8


 134              		.cfi_startproc
 135              		@ args = 0, pretend = 0, frame = 0
 136              		@ frame_needed = 0, uses_anonymous_args = 0
 137 0000 10B5     		push	{r4, lr}
 138              	.LCFI1:
 139              		.cfi_def_cfa_offset 8
 140              		.cfi_offset 4, -8
 141              		.cfi_offset 14, -4
 157:USB_DEVICE/App/usbd_cdc_if.c ****   USBD_CDC_SetRxBuffer(&hUsbDeviceFS, UserRxBufferFS);
 142              		.loc 1 157 3 view .LVU19
 143 0002 064C     		ldr	r4, .L7
 144 0004 0022     		movs	r2, #0
 145 0006 0649     		ldr	r1, .L7+4
 146 0008 2000     		movs	r0, r4
 147 000a FFF7FEFF 		bl	USBD_CDC_SetTxBuffer
 148              	.LVL10:
 158:USB_DEVICE/App/usbd_cdc_if.c ****   return (USBD_OK);
 149              		.loc 1 158 3 view .LVU20
 150 000e 0549     		ldr	r1, .L7+8
 151 0010 2000     		movs	r0, r4
 152 0012 FFF7FEFF 		bl	USBD_CDC_SetRxBuffer
 153              	.LVL11:
 159:USB_DEVICE/App/usbd_cdc_if.c ****   /* USER CODE END 3 */
 154              		.loc 1 159 3 view .LVU21
 161:USB_DEVICE/App/usbd_cdc_if.c **** 
 155              		.loc 1 161 1 is_stmt 0 view .LVU22
 156 0016 0020     		movs	r0, #0
 157              		@ sp needed
 158 0018 10BD     		pop	{r4, pc}
 159              	.L8:
 160 001a C046     		.align	2
 161              	.L7:
 162 001c 00000000 		.word	hUsbDeviceFS
 163 0020 00000000 		.word	UserTxBufferFS
 164 0024 00000000 		.word	UserRxBufferFS
 165              		.cfi_endproc
 166              	.LFE43:
 168              		.section	.text.CDC_Transmit_FS,"ax",%progbits
 169              		.align	1
 170              		.global	CDC_Transmit_FS
 171              		.syntax unified
 172              		.code	16
 173              		.thumb_func
 174              		.fpu softvfp
 176              	CDC_Transmit_FS:
 177              	.LVL12:
 178              	.LFB47:
 273:USB_DEVICE/App/usbd_cdc_if.c **** 
 274:USB_DEVICE/App/usbd_cdc_if.c **** /**
 275:USB_DEVICE/App/usbd_cdc_if.c ****   * @brief  CDC_Transmit_FS
 276:USB_DEVICE/App/usbd_cdc_if.c ****   *         Data to send over USB IN endpoint are sent over CDC interface
 277:USB_DEVICE/App/usbd_cdc_if.c ****   *         through this function.
 278:USB_DEVICE/App/usbd_cdc_if.c ****   *         @note
 279:USB_DEVICE/App/usbd_cdc_if.c ****   *
 280:USB_DEVICE/App/usbd_cdc_if.c ****   *
 281:USB_DEVICE/App/usbd_cdc_if.c ****   * @param  Buf: Buffer of data to be sent
 282:USB_DEVICE/App/usbd_cdc_if.c ****   * @param  Len: Number of data to be sent (in bytes)
ARM GAS  /var/folders/lw/g5htl3957y1bgqbynygtswj40000gn/T//ccaRJ88M.s 			page 9


 283:USB_DEVICE/App/usbd_cdc_if.c ****   * @retval USBD_OK if all operations are OK else USBD_FAIL or USBD_BUSY
 284:USB_DEVICE/App/usbd_cdc_if.c ****   */
 285:USB_DEVICE/App/usbd_cdc_if.c **** uint8_t CDC_Transmit_FS(uint8_t* Buf, uint16_t Len)
 286:USB_DEVICE/App/usbd_cdc_if.c **** {
 179              		.loc 1 286 1 is_stmt 1 view -0
 180              		.cfi_startproc
 181              		@ args = 0, pretend = 0, frame = 0
 182              		@ frame_needed = 0, uses_anonymous_args = 0
 183              		.loc 1 286 1 is_stmt 0 view .LVU24
 184 0000 10B5     		push	{r4, lr}
 185              	.LCFI2:
 186              		.cfi_def_cfa_offset 8
 187              		.cfi_offset 4, -8
 188              		.cfi_offset 14, -4
 287:USB_DEVICE/App/usbd_cdc_if.c ****   uint8_t result = USBD_OK;
 189              		.loc 1 287 3 is_stmt 1 view .LVU25
 190              	.LVL13:
 288:USB_DEVICE/App/usbd_cdc_if.c ****   /* USER CODE BEGIN 7 */
 289:USB_DEVICE/App/usbd_cdc_if.c ****   USBD_CDC_HandleTypeDef *hcdc = (USBD_CDC_HandleTypeDef*)hUsbDeviceFS.pClassData;
 191              		.loc 1 289 3 view .LVU26
 192              		.loc 1 289 27 is_stmt 0 view .LVU27
 193 0002 0A4A     		ldr	r2, .L13
 194 0004 AE23     		movs	r3, #174
 195 0006 9B00     		lsls	r3, r3, #2
 196 0008 D258     		ldr	r2, [r2, r3]
 197              	.LVL14:
 290:USB_DEVICE/App/usbd_cdc_if.c ****   if (hcdc->TxState != 0){
 198              		.loc 1 290 3 is_stmt 1 view .LVU28
 199              		.loc 1 290 11 is_stmt 0 view .LVU29
 200 000a A43B     		subs	r3, r3, #164
 201 000c D358     		ldr	r3, [r2, r3]
 202              		.loc 1 290 6 view .LVU30
 203 000e 002B     		cmp	r3, #0
 204 0010 01D0     		beq	.L12
 291:USB_DEVICE/App/usbd_cdc_if.c ****     return USBD_BUSY;
 205              		.loc 1 291 12 view .LVU31
 206 0012 0120     		movs	r0, #1
 207              	.LVL15:
 208              	.L10:
 292:USB_DEVICE/App/usbd_cdc_if.c ****   }
 293:USB_DEVICE/App/usbd_cdc_if.c ****   USBD_CDC_SetTxBuffer(&hUsbDeviceFS, Buf, Len);
 294:USB_DEVICE/App/usbd_cdc_if.c ****   result = USBD_CDC_TransmitPacket(&hUsbDeviceFS);
 295:USB_DEVICE/App/usbd_cdc_if.c ****   /* USER CODE END 7 */
 296:USB_DEVICE/App/usbd_cdc_if.c ****   return result;
 297:USB_DEVICE/App/usbd_cdc_if.c **** }
 209              		.loc 1 297 1 view .LVU32
 210              		@ sp needed
 211 0014 10BD     		pop	{r4, pc}
 212              	.LVL16:
 213              	.L12:
 293:USB_DEVICE/App/usbd_cdc_if.c ****   result = USBD_CDC_TransmitPacket(&hUsbDeviceFS);
 214              		.loc 1 293 3 is_stmt 1 view .LVU33
 215 0016 054C     		ldr	r4, .L13
 216 0018 0A00     		movs	r2, r1
 217              	.LVL17:
 293:USB_DEVICE/App/usbd_cdc_if.c ****   result = USBD_CDC_TransmitPacket(&hUsbDeviceFS);
 218              		.loc 1 293 3 is_stmt 0 view .LVU34
ARM GAS  /var/folders/lw/g5htl3957y1bgqbynygtswj40000gn/T//ccaRJ88M.s 			page 10


 219 001a 0100     		movs	r1, r0
 220              	.LVL18:
 293:USB_DEVICE/App/usbd_cdc_if.c ****   result = USBD_CDC_TransmitPacket(&hUsbDeviceFS);
 221              		.loc 1 293 3 view .LVU35
 222 001c 2000     		movs	r0, r4
 223              	.LVL19:
 293:USB_DEVICE/App/usbd_cdc_if.c ****   result = USBD_CDC_TransmitPacket(&hUsbDeviceFS);
 224              		.loc 1 293 3 view .LVU36
 225 001e FFF7FEFF 		bl	USBD_CDC_SetTxBuffer
 226              	.LVL20:
 294:USB_DEVICE/App/usbd_cdc_if.c ****   /* USER CODE END 7 */
 227              		.loc 1 294 3 is_stmt 1 view .LVU37
 294:USB_DEVICE/App/usbd_cdc_if.c ****   /* USER CODE END 7 */
 228              		.loc 1 294 12 is_stmt 0 view .LVU38
 229 0022 2000     		movs	r0, r4
 230 0024 FFF7FEFF 		bl	USBD_CDC_TransmitPacket
 231              	.LVL21:
 296:USB_DEVICE/App/usbd_cdc_if.c **** }
 232              		.loc 1 296 3 is_stmt 1 view .LVU39
 296:USB_DEVICE/App/usbd_cdc_if.c **** }
 233              		.loc 1 296 10 is_stmt 0 view .LVU40
 234 0028 F4E7     		b	.L10
 235              	.L14:
 236 002a C046     		.align	2
 237              	.L13:
 238 002c 00000000 		.word	hUsbDeviceFS
 239              		.cfi_endproc
 240              	.LFE47:
 242              		.global	USBD_Interface_fops_FS
 243              		.comm	UserTxBufferFS,1000,4
 244              		.comm	UserRxBufferFS,1000,4
 245              		.section	.data.USBD_Interface_fops_FS,"aw"
 246              		.align	2
 249              	USBD_Interface_fops_FS:
 250 0000 00000000 		.word	CDC_Init_FS
 251 0004 00000000 		.word	CDC_DeInit_FS
 252 0008 00000000 		.word	CDC_Control_FS
 253 000c 00000000 		.word	CDC_Receive_FS
 254              		.text
 255              	.Letext0:
 256              		.file 2 "/Users/sens/dev/toolchains/arm-gcc/arm-none-eabi/include/machine/_default_types.h"
 257              		.file 3 "/Users/sens/dev/toolchains/arm-gcc/lib/gcc/arm-none-eabi/9.3.1/include/stddef.h"
 258              		.file 4 "/Users/sens/dev/toolchains/arm-gcc/arm-none-eabi/include/sys/_types.h"
 259              		.file 5 "/Users/sens/dev/toolchains/arm-gcc/arm-none-eabi/include/sys/reent.h"
 260              		.file 6 "/Users/sens/dev/toolchains/arm-gcc/arm-none-eabi/include/sys/lock.h"
 261              		.file 7 "/Users/sens/dev/toolchains/arm-gcc/arm-none-eabi/include/sys/_stdint.h"
 262              		.file 8 "/Users/sens/dev/toolchains/arm-gcc/arm-none-eabi/include/stdlib.h"
 263              		.file 9 "Drivers/CMSIS/Device/ST/STM32F0xx/Include/system_stm32f0xx.h"
 264              		.file 10 "Drivers/STM32F0xx_HAL_Driver/Inc/stm32f0xx_hal.h"
 265              		.file 11 "Middlewares/ST/STM32_USB_Device_Library/Core/Inc/usbd_def.h"
 266              		.file 12 "Middlewares/ST/STM32_USB_Device_Library/Class/CDC/Inc/usbd_cdc.h"
 267              		.file 13 "USB_DEVICE/App/usbd_cdc_if.h"
 268              		.file 14 "/Users/sens/dev/toolchains/arm-gcc/arm-none-eabi/include/string.h"
ARM GAS  /var/folders/lw/g5htl3957y1bgqbynygtswj40000gn/T//ccaRJ88M.s 			page 11


DEFINED SYMBOLS
                            *ABS*:0000000000000000 usbd_cdc_if.c
/var/folders/lw/g5htl3957y1bgqbynygtswj40000gn/T//ccaRJ88M.s:16     .text.CDC_DeInit_FS:0000000000000000 $t
/var/folders/lw/g5htl3957y1bgqbynygtswj40000gn/T//ccaRJ88M.s:23     .text.CDC_DeInit_FS:0000000000000000 CDC_DeInit_FS
/var/folders/lw/g5htl3957y1bgqbynygtswj40000gn/T//ccaRJ88M.s:40     .text.CDC_Control_FS:0000000000000000 $t
/var/folders/lw/g5htl3957y1bgqbynygtswj40000gn/T//ccaRJ88M.s:46     .text.CDC_Control_FS:0000000000000000 CDC_Control_FS
/var/folders/lw/g5htl3957y1bgqbynygtswj40000gn/T//ccaRJ88M.s:66     .text.CDC_Receive_FS:0000000000000000 $t
/var/folders/lw/g5htl3957y1bgqbynygtswj40000gn/T//ccaRJ88M.s:72     .text.CDC_Receive_FS:0000000000000000 CDC_Receive_FS
/var/folders/lw/g5htl3957y1bgqbynygtswj40000gn/T//ccaRJ88M.s:120    .text.CDC_Receive_FS:0000000000000028 $d
/var/folders/lw/g5htl3957y1bgqbynygtswj40000gn/T//ccaRJ88M.s:125    .text.CDC_Init_FS:0000000000000000 $t
/var/folders/lw/g5htl3957y1bgqbynygtswj40000gn/T//ccaRJ88M.s:131    .text.CDC_Init_FS:0000000000000000 CDC_Init_FS
/var/folders/lw/g5htl3957y1bgqbynygtswj40000gn/T//ccaRJ88M.s:162    .text.CDC_Init_FS:000000000000001c $d
                            *COM*:00000000000003e8 UserTxBufferFS
                            *COM*:00000000000003e8 UserRxBufferFS
/var/folders/lw/g5htl3957y1bgqbynygtswj40000gn/T//ccaRJ88M.s:169    .text.CDC_Transmit_FS:0000000000000000 $t
/var/folders/lw/g5htl3957y1bgqbynygtswj40000gn/T//ccaRJ88M.s:176    .text.CDC_Transmit_FS:0000000000000000 CDC_Transmit_FS
/var/folders/lw/g5htl3957y1bgqbynygtswj40000gn/T//ccaRJ88M.s:238    .text.CDC_Transmit_FS:000000000000002c $d
/var/folders/lw/g5htl3957y1bgqbynygtswj40000gn/T//ccaRJ88M.s:249    .data.USBD_Interface_fops_FS:0000000000000000 USBD_Interface_fops_FS
/var/folders/lw/g5htl3957y1bgqbynygtswj40000gn/T//ccaRJ88M.s:246    .data.USBD_Interface_fops_FS:0000000000000000 $d

UNDEFINED SYMBOLS
USBD_CDC_SetRxBuffer
USBD_CDC_ReceivePacket
strlen
ioctl_cdc_rx_callback
hUsbDeviceFS
USBD_CDC_SetTxBuffer
USBD_CDC_TransmitPacket
